Statistical profiling result from isolate-0x103000000-v8.log, (4853 ticks, 154 unaccounted, 0 excluded).

 [Shared libraries]:
   ticks  total  nonlib   name
    177    3.6%          "/Users/jdogg5566/code/school/cs263/emsdk/node/8.9.1_64bit/bin/node"
     86    1.8%          "/usr/lib/system/libsystem_kernel.dylib"
     13    0.3%          "/usr/lib/system/libsystem_c.dylib"
      5    0.1%          "/usr/lib/system/libsystem_platform.dylib"
      4    0.1%          "/usr/lib/system/libsystem_malloc.dylib"
      2    0.0%          "/usr/lib/system/libsystem_pthread.dylib"
      1    0.0%          "/usr/lib/libc++abi.dylib"

 [JavaScript]:
   ticks  total  nonlib   name
   2643   54.5%   57.9%  LazyCompile: *"_rand /Users/jdogg5566/code/school/cs263/webasm-runtime/programs/monte_carlo/monte_carlo_asm.js:8135:15"
   1765   36.4%   38.7%  LazyCompile: *"_pi /Users/jdogg5566/code/school/cs263/webasm-runtime/programs/monte_carlo/monte_carlo_asm.js:1915:13"
      2    0.0%    0.0%  Function: ~"_pi /Users/jdogg5566/code/school/cs263/webasm-runtime/programs/monte_carlo/monte_carlo_asm.js:1915:13"
      1    0.0%    0.0%  Builtin: "MathImul"

 [C++]:
   ticks  total  nonlib   name

 [Summary]:
   ticks  total  nonlib   name
   4411   90.9%   96.6%  JavaScript
      0    0.0%    0.0%  C++
    112    2.3%    2.5%  GC
    288    5.9%          Shared libraries
    154    3.2%          Unaccounted

 [C++ entry points]:
   ticks    cpp   total   name

 [Bottom up (heavy) profile]:
  Note: percentage shows a share of a particular caller in the total
  amount of its parent calls.
  Callers occupying less than 1.0% are not shown.

   ticks parent  name
   2643   54.5%  LazyCompile: *"_rand /Users/jdogg5566/code/school/cs263/webasm-runtime/programs/monte_carlo/monte_carlo_asm.js:8135:15"
   2643  100.0%    LazyCompile: *"_pi /Users/jdogg5566/code/school/cs263/webasm-runtime/programs/monte_carlo/monte_carlo_asm.js:1915:13"
   2643  100.0%      Function: ~"_main /Users/jdogg5566/code/school/cs263/webasm-runtime/programs/monte_carlo/monte_carlo_asm.js:1964:15"
   2643  100.0%        Function: ~"asm._main /Users/jdogg5566/code/school/cs263/webasm-runtime/programs/monte_carlo/monte_carlo_asm.js:8701:55"
   2643  100.0%          Function: ~"callMain /Users/jdogg5566/code/school/cs263/webasm-runtime/programs/monte_carlo/monte_carlo_asm.js:8953:39"
   2643  100.0%            Function: ~"doRun /Users/jdogg5566/code/school/cs263/webasm-runtime/programs/monte_carlo/monte_carlo_asm.js:9018:17"

   1765   36.4%  LazyCompile: *"_pi /Users/jdogg5566/code/school/cs263/webasm-runtime/programs/monte_carlo/monte_carlo_asm.js:1915:13"
   1765  100.0%    Function: ~"_main /Users/jdogg5566/code/school/cs263/webasm-runtime/programs/monte_carlo/monte_carlo_asm.js:1964:15"
   1765  100.0%      Function: ~"asm._main /Users/jdogg5566/code/school/cs263/webasm-runtime/programs/monte_carlo/monte_carlo_asm.js:8701:55"
   1765  100.0%        Function: ~"callMain /Users/jdogg5566/code/school/cs263/webasm-runtime/programs/monte_carlo/monte_carlo_asm.js:8953:39"
   1765  100.0%          Function: ~"doRun /Users/jdogg5566/code/school/cs263/webasm-runtime/programs/monte_carlo/monte_carlo_asm.js:9018:17"
   1765  100.0%            Function: ~"run /Users/jdogg5566/code/school/cs263/webasm-runtime/programs/monte_carlo/monte_carlo_asm.js:9004:13"

    177    3.6%  "/Users/jdogg5566/code/school/cs263/emsdk/node/8.9.1_64bit/bin/node"
    115   65.0%    "/Users/jdogg5566/code/school/cs263/emsdk/node/8.9.1_64bit/bin/node"
     45   39.1%      Function: ~"runInThisContext bootstrap_node.js:495:28"
     45  100.0%        Function: ~"NativeModule.compile bootstrap_node.js:584:44"
     45  100.0%          Function: ~"NativeModule.require bootstrap_node.js:516:34"
      8   17.8%            Function: ~" module.js:1:11"
      6   13.3%            Function: ~" tty.js:1:11"
      5   11.1%            Function: ~" util.js:1:11"
      3    6.7%            Function: ~"startup bootstrap_node.js:12:19"
      3    6.7%            Function: ~" stream.js:1:11"
      3    6.7%            Function: ~" fs.js:1:11"
      2    4.4%            Function: ~"setupGlobalVariables bootstrap_node.js:251:32"
      2    4.4%            Function: ~"setupGlobalConsole bootstrap_node.js:306:30"
      2    4.4%            Function: ~" net.js:1:11"
      2    4.4%            Function: ~" internal/loader/Loader.js:1:11"
      1    2.2%            Function: ~"setup_performance internal/process.js:14:27"
      1    2.2%            Function: ~"setupGlobalTimeouts bootstrap_node.js:296:31"
      1    2.2%            Function: ~"createWritableStdioStream internal/process/stdio.js:142:35"
      1    2.2%            Function: ~" timers.js:1:11"
      1    2.2%            Function: ~" readline.js:1:11"
      1    2.2%            Function: ~" perf_hooks.js:1:11"
      1    2.2%            Function: ~" internal/url.js:1:11"
      1    2.2%            Function: ~" internal/loader/ModuleRequest.js:1:11"
      1    2.2%            Function: ~" _stream_readable.js:1:11"
     14   12.2%      Function: ~"createScript vm.js:79:22"
     14  100.0%        Function: ~"runInThisContext vm.js:138:26"
     14  100.0%          Function: ~"Module._compile module.js:592:37"
     14  100.0%            Function: ~"Module._extensions..js module.js:644:37"
     10    8.7%      LazyCompile: *"_rand /Users/jdogg5566/code/school/cs263/webasm-runtime/programs/monte_carlo/monte_carlo_asm.js:8135:15"
     10  100.0%        LazyCompile: *"_pi /Users/jdogg5566/code/school/cs263/webasm-runtime/programs/monte_carlo/monte_carlo_asm.js:1915:13"
     10  100.0%          Function: ~"_main /Users/jdogg5566/code/school/cs263/webasm-runtime/programs/monte_carlo/monte_carlo_asm.js:1964:15"
     10  100.0%            Function: ~"asm._main /Users/jdogg5566/code/school/cs263/webasm-runtime/programs/monte_carlo/monte_carlo_asm.js:8701:55"
      7    6.1%      Function: ~"WriteStream tty.js:66:21"
      7  100.0%        Function: ~"createWritableStdioStream internal/process/stdio.js:142:35"
      4   57.1%          Function: ~"getStderr internal/process/stdio.js:27:21"
      4  100.0%            Function: ~" console.js:1:11"
      3   42.9%          Function: ~"getStdout internal/process/stdio.js:12:21"
      3  100.0%            Function: ~" console.js:1:11"
      4    3.5%      Function: ~"_vfprintf /Users/jdogg5566/code/school/cs263/webasm-runtime/programs/monte_carlo/monte_carlo_asm.js:4819:19"
      4  100.0%        Function: ~"_printf /Users/jdogg5566/code/school/cs263/webasm-runtime/programs/monte_carlo/monte_carlo_asm.js:8158:17"
      4  100.0%          Function: ~"_main /Users/jdogg5566/code/school/cs263/webasm-runtime/programs/monte_carlo/monte_carlo_asm.js:1964:15"
      4  100.0%            Function: ~"asm._main /Users/jdogg5566/code/school/cs263/webasm-runtime/programs/monte_carlo/monte_carlo_asm.js:8701:55"
      4    3.5%      Function: ~"_printf_core /Users/jdogg5566/code/school/cs263/webasm-runtime/programs/monte_carlo/monte_carlo_asm.js:4909:22"
      4  100.0%        Function: ~"_vfprintf /Users/jdogg5566/code/school/cs263/webasm-runtime/programs/monte_carlo/monte_carlo_asm.js:4819:19"
      4  100.0%          Function: ~"_printf /Users/jdogg5566/code/school/cs263/webasm-runtime/programs/monte_carlo/monte_carlo_asm.js:8158:17"
      4  100.0%            Function: ~"_main /Users/jdogg5566/code/school/cs263/webasm-runtime/programs/monte_carlo/monte_carlo_asm.js:1964:15"
      2    1.7%      Function: ~"startup bootstrap_node.js:12:19"
      2  100.0%        Function: ~" bootstrap_node.js:10:10"
      2    1.7%      Function: ~"_pi /Users/jdogg5566/code/school/cs263/webasm-runtime/programs/monte_carlo/monte_carlo_asm.js:1915:13"
      2  100.0%        Function: ~"_main /Users/jdogg5566/code/school/cs263/webasm-runtime/programs/monte_carlo/monte_carlo_asm.js:1964:15"
      2  100.0%          Function: ~"asm._main /Users/jdogg5566/code/school/cs263/webasm-runtime/programs/monte_carlo/monte_carlo_asm.js:8701:55"
      2  100.0%            Function: ~"callMain /Users/jdogg5566/code/school/cs263/webasm-runtime/programs/monte_carlo/monte_carlo_asm.js:8953:39"
      2    1.7%      Function: ~"___fwritex /Users/jdogg5566/code/school/cs263/webasm-runtime/programs/monte_carlo/monte_carlo_asm.js:7860:20"
      2  100.0%        Function: ~"_out /Users/jdogg5566/code/school/cs263/webasm-runtime/programs/monte_carlo/monte_carlo_asm.js:5818:14"
      2  100.0%          Function: ~"_printf_core /Users/jdogg5566/code/school/cs263/webasm-runtime/programs/monte_carlo/monte_carlo_asm.js:4909:22"
      2  100.0%            Function: ~"_vfprintf /Users/jdogg5566/code/school/cs263/webasm-runtime/programs/monte_carlo/monte_carlo_asm.js:4819:19"
      2    1.7%      Function: ~" internal/encoding.js:1:11"
      2  100.0%        Function: ~"NativeModule.compile bootstrap_node.js:584:44"
      2  100.0%          Function: ~"NativeModule.require bootstrap_node.js:516:34"
      2  100.0%            Function: ~" util.js:1:11"

    154    3.2%  UNKNOWN

     86    1.8%  "/usr/lib/system/libsystem_kernel.dylib"
     25   29.1%    "/Users/jdogg5566/code/school/cs263/emsdk/node/8.9.1_64bit/bin/node"
      8   32.0%      LazyCompile: *"_rand /Users/jdogg5566/code/school/cs263/webasm-runtime/programs/monte_carlo/monte_carlo_asm.js:8135:15"
      8  100.0%        LazyCompile: *"_pi /Users/jdogg5566/code/school/cs263/webasm-runtime/programs/monte_carlo/monte_carlo_asm.js:1915:13"
      8  100.0%          Function: ~"_main /Users/jdogg5566/code/school/cs263/webasm-runtime/programs/monte_carlo/monte_carlo_asm.js:1964:15"
      8  100.0%            Function: ~"asm._main /Users/jdogg5566/code/school/cs263/webasm-runtime/programs/monte_carlo/monte_carlo_asm.js:8701:55"
      1    4.0%      Function: ~"resolver dns.js:254:18"
      1  100.0%        Function: ~" dns.js:1:11"
      1  100.0%          Function: ~"NativeModule.compile bootstrap_node.js:584:44"
      1  100.0%            Function: ~"NativeModule.require bootstrap_node.js:516:34"
      1    4.0%      Function: ~"readBinary /Users/jdogg5566/code/school/cs263/webasm-runtime/programs/monte_carlo/monte_carlo_asm.js:91:45"
      1  100.0%        Function: ~" /Users/jdogg5566/code/school/cs263/webasm-runtime/programs/monte_carlo/monte_carlo_asm.js:1:11"
      1  100.0%          Function: ~"Module._compile module.js:592:37"
      1  100.0%            Function: ~"Module._extensions..js module.js:644:37"
      1    4.0%      Function: ~"flush_NO_FILESYSTEM /Users/jdogg5566/code/school/cs263/webasm-runtime/programs/monte_carlo/monte_carlo_asm.js:1564:31"
      1  100.0%        Function: ~"checkUnflushedContent /Users/jdogg5566/code/school/cs263/webasm-runtime/programs/monte_carlo/monte_carlo_asm.js:9050:31"
      1  100.0%          Function: ~"exit /Users/jdogg5566/code/school/cs263/webasm-runtime/programs/monte_carlo/monte_carlo_asm.js:9079:14"
      1  100.0%            Function: ~"callMain /Users/jdogg5566/code/school/cs263/webasm-runtime/programs/monte_carlo/monte_carlo_asm.js:8953:39"
      1    4.0%      Function: ~"deprecate internal/util.js:24:19"
      1  100.0%        Function: ~" util.js:1:11"
      1  100.0%          Function: ~"NativeModule.compile bootstrap_node.js:584:44"
      1  100.0%            Function: ~"NativeModule.require bootstrap_node.js:516:34"
      1    4.0%      Function: ~"createWritableStdioStream internal/process/stdio.js:142:35"
      1  100.0%        Function: ~"getStderr internal/process/stdio.js:27:21"
      1  100.0%          Function: ~" console.js:1:11"
      1  100.0%            Function: ~"NativeModule.compile bootstrap_node.js:584:44"
      1    4.0%      Function: ~"_tickCallback internal/process/next_tick.js:151:25"
      1  100.0%        Function: ~"Module.runMain module.js:674:26"
      1  100.0%          Function: ~"startup bootstrap_node.js:12:19"
      1  100.0%            Function: ~" bootstrap_node.js:10:10"
      1    4.0%      Function: ~"_rand /Users/jdogg5566/code/school/cs263/webasm-runtime/programs/monte_carlo/monte_carlo_asm.js:8135:15"
      1  100.0%        Function: ~"_pi /Users/jdogg5566/code/school/cs263/webasm-runtime/programs/monte_carlo/monte_carlo_asm.js:1915:13"
      1  100.0%          Function: ~"_main /Users/jdogg5566/code/school/cs263/webasm-runtime/programs/monte_carlo/monte_carlo_asm.js:1964:15"
      1  100.0%            Function: ~"asm._main /Users/jdogg5566/code/school/cs263/webasm-runtime/programs/monte_carlo/monte_carlo_asm.js:8701:55"
      1    4.0%      Function: ~"_pi /Users/jdogg5566/code/school/cs263/webasm-runtime/programs/monte_carlo/monte_carlo_asm.js:1915:13"
      1  100.0%        Function: ~"_main /Users/jdogg5566/code/school/cs263/webasm-runtime/programs/monte_carlo/monte_carlo_asm.js:1964:15"
      1  100.0%          Function: ~"asm._main /Users/jdogg5566/code/school/cs263/webasm-runtime/programs/monte_carlo/monte_carlo_asm.js:8701:55"
      1  100.0%            Function: ~"callMain /Users/jdogg5566/code/school/cs263/webasm-runtime/programs/monte_carlo/monte_carlo_asm.js:8953:39"
      1    4.0%      Function: ~"Readable _stream_readable.js:140:18"
      1  100.0%        Function: ~"Duplex _stream_duplex.js:44:16"
      1  100.0%          Function: ~"Socket net.js:175:16"
      1  100.0%            Function: ~"WriteStream tty.js:66:21"
      1    4.0%      Function: ~"Module._load module.js:440:24"
      1  100.0%        Function: ~"Module.runMain module.js:674:26"
      1  100.0%          Function: ~"startup bootstrap_node.js:12:19"
      1  100.0%            Function: ~" bootstrap_node.js:10:10"
      1    4.0%      Function: ~"Console console.js:30:17"
      1  100.0%        Function: ~" console.js:1:11"
      1  100.0%          Function: ~"NativeModule.compile bootstrap_node.js:584:44"
      1  100.0%            Function: ~"NativeModule.require bootstrap_node.js:516:34"
      1    4.0%      Function: ~"Buffer.toString buffer.js:607:37"
      1  100.0%        Function: ~"fs.readFileSync fs.js:548:27"
      1  100.0%          Function: ~"Module._extensions..js module.js:644:37"
      1  100.0%            Function: ~"Module.load module.js:545:33"
      1    4.0%      Function: ~"Buffer.allocUnsafe buffer.js:250:30"
      1  100.0%        Function: ~"tryCreateBuffer fs.js:524:25"
      1  100.0%          Function: ~"fs.readFileSync fs.js:548:27"
      1  100.0%            Function: ~"Module._extensions..js module.js:644:37"
      1    4.0%      Function: ~" util.js:1:11"
      1  100.0%        Function: ~"NativeModule.compile bootstrap_node.js:584:44"
      1  100.0%          Function: ~"NativeModule.require bootstrap_node.js:516:34"
      1  100.0%            Function: ~"setupGlobalVariables bootstrap_node.js:251:32"
      1    4.0%      Function: ~" net.js:1:11"
      1  100.0%        Function: ~"NativeModule.compile bootstrap_node.js:584:44"
      1  100.0%          Function: ~"NativeModule.require bootstrap_node.js:516:34"
      1  100.0%            Function: ~" tty.js:1:11"
      1    4.0%      Function: ~" internal/readline.js:1:11"
      1  100.0%        Function: ~"NativeModule.compile bootstrap_node.js:584:44"
      1  100.0%          Function: ~"NativeModule.require bootstrap_node.js:516:34"
      1  100.0%            Function: ~" readline.js:1:11"
      1    4.0%      Function: ~" /Users/jdogg5566/code/school/cs263/webasm-runtime/programs/monte_carlo/monte_carlo_asm.js:1:11"
      1  100.0%        Function: ~"Module._compile module.js:592:37"
      1  100.0%          Function: ~"Module._extensions..js module.js:644:37"
      1  100.0%            Function: ~"Module.load module.js:545:33"

